[NX v20.8.0 Daemon Server] - 2025-04-22T11:22:01.563Z - Started listening on: \\.\pipe\nx\C:\Users\alexb\AppData\Local\Temp\57c13a9e07f9d843cf6d\d.sock
[NX v20.8.0 Daemon Server] - 2025-04-22T11:22:01.569Z - [WATCHER]: Subscribed to changes within: C:\Users\alexb\eslint-configs\chronoverse-eslint (native)
[NX v20.8.0 Daemon Server] - 2025-04-22T11:22:01.575Z - Established a connection. Number of open connections: 1
[NX v20.8.0 Daemon Server] - 2025-04-22T11:22:01.577Z - Established a connection. Number of open connections: 2
[NX v20.8.0 Daemon Server] - 2025-04-22T11:22:01.580Z - Closed a connection. Number of open connections: 1
[NX v20.8.0 Daemon Server] - 2025-04-22T11:22:01.584Z - [REQUEST]: Responding to the client. Shutdown initiated
[NX v20.8.0 Daemon Server] - 2025-04-22T11:22:01.588Z - Done responding to the client Shutdown initiated
[NX v20.8.0 Daemon Server] - 2025-04-22T11:22:01.589Z - Handled FORCE_SHUTDOWN. Handling time: 0. Response time: 5.
[NX v20.8.0 Daemon Server] - 2025-04-22T11:22:01.590Z - Closed a connection. Number of open connections: 0
[NX v20.8.0 Daemon Server] - 2025-04-22T11:22:01.591Z - [WATCHER]: Stopping the watcher for C:\Users\alexb\eslint-configs\chronoverse-eslint (sources)
[NX v20.8.0 Daemon Server] - 2025-04-22T11:22:01.592Z - [WATCHER]: Stopping the watcher for C:\Users\alexb\eslint-configs\chronoverse-eslint (outputs)
[NX v20.8.0 Daemon Server] - 2025-04-22T11:22:01.593Z - Server stopped because: "Request to shutdown"
[NX v20.8.0 Daemon Server] - 2025-04-22T12:22:41.575Z - Started listening on: \\.\pipe\nx\C:\Users\alexb\AppData\Local\Temp\57c13a9e07f9d843cf6d\d.sock
[NX v20.8.0 Daemon Server] - 2025-04-22T12:22:41.581Z - [WATCHER]: Subscribed to changes within: C:\Users\alexb\eslint-configs\chronoverse-eslint (native)
[NX v20.8.0 Daemon Server] - 2025-04-22T12:22:41.592Z - Established a connection. Number of open connections: 1
[NX v20.8.0 Daemon Server] - 2025-04-22T12:22:41.596Z - Closed a connection. Number of open connections: 0
[NX v20.8.0 Daemon Server] - 2025-04-22T12:22:41.597Z - Established a connection. Number of open connections: 1
[NX v20.8.0 Daemon Server] - 2025-04-22T12:22:41.602Z - [REQUEST]: Client Request for Project Graph Received
[NX v20.8.0 Daemon Server] - 2025-04-22T12:22:41.634Z - [REQUEST]: Updated workspace context based on watched changes, recomputing project graph...
[NX v20.8.0 Daemon Server] - 2025-04-22T12:22:41.634Z - [REQUEST]: 
[NX v20.8.0 Daemon Server] - 2025-04-22T12:22:41.634Z - [REQUEST]: 
[NX v20.8.0 Daemon Server] - 2025-04-22T12:22:41.685Z - [SYNC]: collect registered sync generators
[NX v20.8.0 Daemon Server] - 2025-04-22T12:22:41.687Z - [REQUEST]: Responding to the client. project-graph
[NX v20.8.0 Daemon Server] - 2025-04-22T12:22:41.689Z - Time taken for 'total for creating and serializing project graph' 85.67330000000004ms
[NX v20.8.0 Daemon Server] - 2025-04-22T12:22:41.690Z - Done responding to the client project-graph
[NX v20.8.0 Daemon Server] - 2025-04-22T12:22:41.691Z - Handled REQUEST_PROJECT_GRAPH. Handling time: 86. Response time: 4.
[NX v20.8.0 Daemon Server] - 2025-04-22T12:22:41.694Z - [REQUEST]: Responding to the client. handleContextFileData
[NX v20.8.0 Daemon Server] - 2025-04-22T12:22:41.696Z - Done responding to the client handleContextFileData
[NX v20.8.0 Daemon Server] - 2025-04-22T12:22:41.697Z - Handled GET_CONTEXT_FILE_DATA. Handling time: 0. Response time: 3.
[NX v20.8.0 Daemon Server] - 2025-04-22T12:22:41.711Z - [REQUEST]: Client Request for Project Graph Received
[NX v20.8.0 Daemon Server] - 2025-04-22T12:22:41.712Z - [REQUEST]: Responding to the client. project-graph
[NX v20.8.0 Daemon Server] - 2025-04-22T12:22:41.713Z - Time taken for 'total for creating and serializing project graph' 1.0535999999999603ms
[NX v20.8.0 Daemon Server] - 2025-04-22T12:22:41.713Z - Done responding to the client project-graph
[NX v20.8.0 Daemon Server] - 2025-04-22T12:22:41.713Z - Handled REQUEST_PROJECT_GRAPH. Handling time: 1. Response time: 1.
[NX v20.8.0 Daemon Server] - 2025-04-22T12:22:41.718Z - [REQUEST]: Responding to the client. handleRunPreTasksExecution
[NX v20.8.0 Daemon Server] - 2025-04-22T12:22:41.718Z - Time taken for 'preTasksExecution' 1.019900000000007ms
[NX v20.8.0 Daemon Server] - 2025-04-22T12:22:41.719Z - Done responding to the client handleRunPreTasksExecution
[NX v20.8.0 Daemon Server] - 2025-04-22T12:22:41.719Z - Handled PRE_TASKS_EXECUTION. Handling time: 1. Response time: 1.
[NX v20.8.0 Daemon Server] - 2025-04-22T12:22:41.750Z - [REQUEST]: Responding to the client. handleHashTasks
[NX v20.8.0 Daemon Server] - 2025-04-22T12:22:41.750Z - Done responding to the client handleHashTasks
[NX v20.8.0 Daemon Server] - 2025-04-22T12:22:41.750Z - Handled HASH_TASKS. Handling time: 3. Response time: 0.
[NX v20.8.0 Daemon Server] - 2025-04-22T12:22:41.799Z - [REQUEST]: Responding to the client. handleGetEstimatedTaskTimings
[NX v20.8.0 Daemon Server] - 2025-04-22T12:22:41.799Z - Done responding to the client handleGetEstimatedTaskTimings
[NX v20.8.0 Daemon Server] - 2025-04-22T12:22:41.800Z - Handled GET_ESTIMATED_TASK_TIMINGS. Handling time: 31. Response time: 1.
[NX v20.8.0 Daemon Server] - 2025-04-22T12:22:42.600Z - [WATCHER]: Processing file changes in outputs
[NX v20.8.0 Daemon Server] - 2025-04-22T12:22:44.320Z - [WATCHER]: Processing file changes in outputs
[NX v20.8.0 Daemon Server] - 2025-04-22T12:22:44.404Z - [WATCHER]: Processing file changes in outputs
[NX v20.8.0 Daemon Server] - 2025-04-22T12:22:44.418Z - [REQUEST]: Responding to the client. recordOutputsHash
[NX v20.8.0 Daemon Server] - 2025-04-22T12:22:44.418Z - Done responding to the client recordOutputsHash
[NX v20.8.0 Daemon Server] - 2025-04-22T12:22:44.418Z - Handled RECORD_OUTPUTS_HASH. Handling time: 8. Response time: 0.
[NX v20.8.0 Daemon Server] - 2025-04-22T12:22:44.439Z - [REQUEST]: Responding to the client. handleRecordTaskRuns
[NX v20.8.0 Daemon Server] - 2025-04-22T12:22:44.440Z - Done responding to the client handleRecordTaskRuns
[NX v20.8.0 Daemon Server] - 2025-04-22T12:22:44.440Z - Handled RECORD_TASK_RUNS. Handling time: 2. Response time: 1.
[NX v20.8.0 Daemon Server] - 2025-04-22T12:22:44.442Z - [REQUEST]: Responding to the client. handleGetFlakyTasks
[NX v20.8.0 Daemon Server] - 2025-04-22T12:22:44.443Z - Done responding to the client handleGetFlakyTasks
[NX v20.8.0 Daemon Server] - 2025-04-22T12:22:44.443Z - Handled GET_FLAKY_TASKS. Handling time: 0. Response time: 1.
[NX v20.8.0 Daemon Server] - 2025-04-22T12:22:44.451Z - [REQUEST]: Responding to the client. handleRunPostTasksExecution
[NX v20.8.0 Daemon Server] - 2025-04-22T12:22:44.451Z - Time taken for 'postTasksExecution' 0.7484999999996944ms
[NX v20.8.0 Daemon Server] - 2025-04-22T12:22:44.452Z - Done responding to the client handleRunPostTasksExecution
[NX v20.8.0 Daemon Server] - 2025-04-22T12:22:44.452Z - Handled POST_TASKS_EXECUTION. Handling time: 1. Response time: 1.
[NX v20.8.0 Daemon Server] - 2025-04-22T12:22:44.458Z - Closed a connection. Number of open connections: 0
[NX v20.8.0 Daemon Server] - 2025-04-22T12:30:29.064Z - [WATCHER]: lerna.json was modified
[NX v20.8.0 Daemon Server] - 2025-04-22T12:30:29.065Z - [WATCHER]: Processing file changes in outputs
[NX v20.8.0 Daemon Server] - 2025-04-22T12:30:29.189Z - [REQUEST]: Updated workspace context based on watched changes, recomputing project graph...
[NX v20.8.0 Daemon Server] - 2025-04-22T12:30:29.189Z - [REQUEST]: lerna.json
[NX v20.8.0 Daemon Server] - 2025-04-22T12:30:29.189Z - [REQUEST]: 
[NX v20.8.0 Daemon Server] - 2025-04-22T12:30:29.222Z - [SYNC]: collect registered sync generators
[NX v20.8.0 Daemon Server] - 2025-04-22T12:30:29.224Z - [SYNC]: project graph hash is the same, not collecting task sync generators
[NX v20.8.0 Daemon Server] - 2025-04-22T12:30:29.224Z - [SYNC]: nx.json hash is the same, not collecting global sync generators
[NX v20.8.0 Daemon Server] - 2025-04-22T12:30:29.225Z - Time taken for 'hash changed files from watcher' 0.3837999999523163ms
[NX v20.8.0 Daemon Server] - 2025-04-22T12:30:30.133Z - [WATCHER]: lerna.json was modified
[NX v20.8.0 Daemon Server] - 2025-04-22T12:30:30.150Z - [WATCHER]: Processing file changes in outputs
[NX v20.8.0 Daemon Server] - 2025-04-22T12:30:30.338Z - [REQUEST]: Updated workspace context based on watched changes, recomputing project graph...
[NX v20.8.0 Daemon Server] - 2025-04-22T12:30:30.338Z - [REQUEST]: lerna.json
[NX v20.8.0 Daemon Server] - 2025-04-22T12:30:30.338Z - [REQUEST]: 
[NX v20.8.0 Daemon Server] - 2025-04-22T12:30:30.367Z - [SYNC]: collect registered sync generators
[NX v20.8.0 Daemon Server] - 2025-04-22T12:30:30.368Z - [SYNC]: project graph hash is the same, not collecting task sync generators
[NX v20.8.0 Daemon Server] - 2025-04-22T12:30:30.369Z - [SYNC]: nx.json hash is the same, not collecting global sync generators
[NX v20.8.0 Daemon Server] - 2025-04-22T12:30:30.369Z - Time taken for 'hash changed files from watcher' 0.24069999996572733ms
[NX v20.8.0 Daemon Server] - 2025-04-22T12:30:44.291Z - [WATCHER]: Processing file changes in outputs
[NX v20.8.0 Daemon Server] - 2025-04-22T12:30:44.319Z - [WATCHER]: nx.json was modified
[NX v20.8.0 Daemon Server] - 2025-04-22T12:30:44.720Z - [REQUEST]: Updated workspace context based on watched changes, recomputing project graph...
[NX v20.8.0 Daemon Server] - 2025-04-22T12:30:44.720Z - [REQUEST]: nx.json
[NX v20.8.0 Daemon Server] - 2025-04-22T12:30:44.720Z - [REQUEST]: 
[NX v20.8.0 Daemon Server] - 2025-04-22T12:30:44.745Z - [SYNC]: collect registered sync generators
[NX v20.8.0 Daemon Server] - 2025-04-22T12:30:44.747Z - [SYNC]: project graph hash is the same, not collecting task sync generators
[NX v20.8.0 Daemon Server] - 2025-04-22T12:30:44.748Z - [SYNC]: nx.json hash is the same, not collecting global sync generators
[NX v20.8.0 Daemon Server] - 2025-04-22T12:30:44.748Z - Time taken for 'hash changed files from watcher' 0.37939999997615814ms
[NX v20.8.0 Daemon Server] - 2025-04-22T12:30:48.242Z - [WATCHER]: Processing file changes in outputs
[NX v20.8.0 Daemon Server] - 2025-04-22T12:30:48.244Z - [WATCHER]: nx.json was modified
[NX v20.8.0 Daemon Server] - 2025-04-22T12:30:49.059Z - [REQUEST]: Updated workspace context based on watched changes, recomputing project graph...
[NX v20.8.0 Daemon Server] - 2025-04-22T12:30:49.059Z - [REQUEST]: nx.json
[NX v20.8.0 Daemon Server] - 2025-04-22T12:30:49.059Z - [REQUEST]: 
[NX v20.8.0 Daemon Server] - 2025-04-22T12:30:49.081Z - [SYNC]: collect registered sync generators
[NX v20.8.0 Daemon Server] - 2025-04-22T12:30:49.082Z - [SYNC]: project graph hash is the same, not collecting task sync generators
[NX v20.8.0 Daemon Server] - 2025-04-22T12:30:49.082Z - [SYNC]: nx.json hash is the same, not collecting global sync generators
[NX v20.8.0 Daemon Server] - 2025-04-22T12:30:49.082Z - Time taken for 'hash changed files from watcher' 0.32980000000679865ms
[NX v20.8.0 Daemon Server] - 2025-04-22T12:30:51.703Z - [WATCHER]: nx.json was modified
[NX v20.8.0 Daemon Server] - 2025-04-22T12:30:51.703Z - [WATCHER]: Processing file changes in outputs
[NX v20.8.0 Daemon Server] - 2025-04-22T12:30:53.315Z - [REQUEST]: Updated workspace context based on watched changes, recomputing project graph...
[NX v20.8.0 Daemon Server] - 2025-04-22T12:30:53.316Z - [REQUEST]: nx.json
[NX v20.8.0 Daemon Server] - 2025-04-22T12:30:53.316Z - [REQUEST]: 
[NX v20.8.0 Daemon Server] - 2025-04-22T12:30:53.340Z - [SYNC]: collect registered sync generators
[NX v20.8.0 Daemon Server] - 2025-04-22T12:30:53.341Z - [SYNC]: project graph hash is the same, not collecting task sync generators
[NX v20.8.0 Daemon Server] - 2025-04-22T12:30:53.341Z - [SYNC]: nx.json hash is the same, not collecting global sync generators
[NX v20.8.0 Daemon Server] - 2025-04-22T12:30:53.342Z - Time taken for 'hash changed files from watcher' 0.228899999987334ms
[NX v20.8.0 Daemon Server] - 2025-04-22T12:31:07.852Z - [WATCHER]: Processing file changes in outputs
[NX v20.8.0 Daemon Server] - 2025-04-22T12:31:07.861Z - [WATCHER]: nx.json was modified
[NX v20.8.0 Daemon Server] - 2025-04-22T12:31:09.189Z - [WATCHER]: nx.json was modified
[NX v20.8.0 Daemon Server] - 2025-04-22T12:31:09.204Z - [WATCHER]: Processing file changes in outputs
[NX v20.8.0 Daemon Server] - 2025-04-22T12:31:10.771Z - [WATCHER]: nx.json was modified
[NX v20.8.0 Daemon Server] - 2025-04-22T12:31:10.771Z - [WATCHER]: Processing file changes in outputs
[NX v20.8.0 Daemon Server] - 2025-04-22T12:31:11.072Z - [REQUEST]: Updated workspace context based on watched changes, recomputing project graph...
[NX v20.8.0 Daemon Server] - 2025-04-22T12:31:11.072Z - [REQUEST]: nx.json
[NX v20.8.0 Daemon Server] - 2025-04-22T12:31:11.072Z - [REQUEST]: 
[NX v20.8.0 Daemon Server] - 2025-04-22T12:31:11.094Z - [SYNC]: collect registered sync generators
[NX v20.8.0 Daemon Server] - 2025-04-22T12:31:11.096Z - [SYNC]: project graph hash is the same, not collecting task sync generators
[NX v20.8.0 Daemon Server] - 2025-04-22T12:31:11.096Z - [SYNC]: nx.json hash is the same, not collecting global sync generators
[NX v20.8.0 Daemon Server] - 2025-04-22T12:31:11.097Z - Time taken for 'hash changed files from watcher' 0.21700000000419095ms
[NX v20.8.0 Daemon Server] - 2025-04-22T12:31:17.553Z - [WATCHER]: nx.json was modified
[NX v20.8.0 Daemon Server] - 2025-04-22T12:31:17.553Z - [WATCHER]: Processing file changes in outputs
[NX v20.8.0 Daemon Server] - 2025-04-22T12:31:23.965Z - [REQUEST]: Updated workspace context based on watched changes, recomputing project graph...
[NX v20.8.0 Daemon Server] - 2025-04-22T12:31:23.966Z - [REQUEST]: nx.json
[NX v20.8.0 Daemon Server] - 2025-04-22T12:31:23.966Z - [REQUEST]: 
[NX v20.8.0 Daemon Server] - 2025-04-22T12:31:23.991Z - [SYNC]: collect registered sync generators
[NX v20.8.0 Daemon Server] - 2025-04-22T12:31:23.992Z - [SYNC]: nx.json hash is the same, not collecting global sync generators
[NX v20.8.0 Daemon Server] - 2025-04-22T12:31:23.992Z - Time taken for 'hash changed files from watcher' 0.5546999999787658ms
[NX v20.8.0 Daemon Server] - 2025-04-22T12:31:24.074Z - [WATCHER]: nx.json was modified
[NX v20.8.0 Daemon Server] - 2025-04-22T12:31:24.076Z - [WATCHER]: Processing file changes in outputs
[NX v20.8.0 Daemon Server] - 2025-04-22T12:31:24.677Z - [WATCHER]: Processing file changes in outputs
[NX v20.8.0 Daemon Server] - 2025-04-22T12:31:24.678Z - [WATCHER]: nx.json was modified
[NX v20.8.0 Daemon Server] - 2025-04-22T12:31:30.476Z - [REQUEST]: Updated workspace context based on watched changes, recomputing project graph...
[NX v20.8.0 Daemon Server] - 2025-04-22T12:31:30.476Z - [REQUEST]: nx.json
[NX v20.8.0 Daemon Server] - 2025-04-22T12:31:30.476Z - [REQUEST]: 
[NX v20.8.0 Daemon Server] - 2025-04-22T12:31:30.510Z - [SYNC]: collect registered sync generators
[NX v20.8.0 Daemon Server] - 2025-04-22T12:31:30.512Z - [SYNC]: nx.json hash is the same, not collecting global sync generators
[NX v20.8.0 Daemon Server] - 2025-04-22T12:31:30.514Z - Time taken for 'hash changed files from watcher' 0.3050999999977648ms
[NX v20.8.0 Daemon Server] - 2025-04-22T12:31:59.206Z - [WATCHER]: Processing file changes in outputs
[NX v20.8.0 Daemon Server] - 2025-04-22T12:31:59.208Z - [WATCHER]: package.json was modified
[NX v20.8.0 Daemon Server] - 2025-04-22T12:32:05.618Z - [REQUEST]: Updated workspace context based on watched changes, recomputing project graph...
[NX v20.8.0 Daemon Server] - 2025-04-22T12:32:05.618Z - [REQUEST]: package.json
[NX v20.8.0 Daemon Server] - 2025-04-22T12:32:05.618Z - [REQUEST]: 
[NX v20.8.0 Daemon Server] - 2025-04-22T12:32:05.639Z - [SYNC]: collect registered sync generators
[NX v20.8.0 Daemon Server] - 2025-04-22T12:32:05.640Z - [SYNC]: project graph hash is the same, not collecting task sync generators
[NX v20.8.0 Daemon Server] - 2025-04-22T12:32:05.640Z - [SYNC]: nx.json hash is the same, not collecting global sync generators
[NX v20.8.0 Daemon Server] - 2025-04-22T12:32:05.641Z - Time taken for 'hash changed files from watcher' 0.3684000000357628ms
[NX v20.8.0 Daemon Server] - 2025-04-22T12:32:23.574Z - [WATCHER]: package.json was modified
[NX v20.8.0 Daemon Server] - 2025-04-22T12:32:23.575Z - [WATCHER]: Processing file changes in outputs
[NX v20.8.0 Daemon Server] - 2025-04-22T12:32:23.912Z - [WATCHER]: Processing file changes in outputs
[NX v20.8.0 Daemon Server] - 2025-04-22T12:32:23.916Z - [WATCHER]: package.json was modified
[NX v20.8.0 Daemon Server] - 2025-04-22T12:32:26.773Z - [WATCHER]: package.json was modified
[NX v20.8.0 Daemon Server] - 2025-04-22T12:32:26.774Z - [WATCHER]: Processing file changes in outputs
[NX v20.8.0 Daemon Server] - 2025-04-22T12:32:29.977Z - [REQUEST]: Updated workspace context based on watched changes, recomputing project graph...
[NX v20.8.0 Daemon Server] - 2025-04-22T12:32:29.977Z - [REQUEST]: package.json
[NX v20.8.0 Daemon Server] - 2025-04-22T12:32:29.977Z - [REQUEST]: 
[NX v20.8.0 Daemon Server] - 2025-04-22T12:32:29.998Z - [SYNC]: collect registered sync generators
[NX v20.8.0 Daemon Server] - 2025-04-22T12:32:29.999Z - [SYNC]: project graph hash is the same, not collecting task sync generators
[NX v20.8.0 Daemon Server] - 2025-04-22T12:32:30.000Z - [SYNC]: nx.json hash is the same, not collecting global sync generators
[NX v20.8.0 Daemon Server] - 2025-04-22T12:32:30.000Z - Time taken for 'hash changed files from watcher' 0.19929999997839332ms
